#
# There is insufficient memory for the Java Runtime Environment to continue.
# Native memory allocation (malloc) failed to allocate 32744 bytes for ChunkPool::allocate
# Possible reasons:
#   The system is out of physical RAM or swap space
#   In 32 bit mode, the process size limit was hit
# Possible solutions:
#   Reduce memory load on the system
#   Increase physical memory or swap space
#   Check if swap backing store is full
#   Use 64 bit Java on a 64 bit OS
#   Decrease Java heap size (-Xmx/-Xms)
#   Decrease number of Java threads
#   Decrease Java thread stack sizes (-Xss)
#   Set larger code cache with -XX:ReservedCodeCacheSize=
# This output file may be truncated or incomplete.
#
#  Out of Memory Error (allocation.cpp:273), pid=20156, tid=20164
#
# JRE version: Java(TM) SE Runtime Environment (8.0_40-b26) (build 1.8.0_40-b26)
# Java VM: Java HotSpot(TM) 64-Bit Server VM (25.40-b25 mixed mode windows-amd64 compressed oops)
# Failed to write core dump. Minidumps are not enabled by default on client versions of Windows
#

---------------  T H R E A D  ---------------

Current thread (0x0000000009728000):  JavaThread "C1 CompilerThread2" daemon [_thread_in_native, id=20164, stack(0x000000000a040000,0x000000000a140000)]

Stack: [0x000000000a040000,0x000000000a140000]
[error occurred during error reporting (printing stack bounds), id 0xc0000005]

Native frames: (J=compiled Java code, j=interpreted, Vv=VM code, C=native code)
V  [jvm.dll+0x32b47a]


Current CompileTask:
C1:    446  179       3      
[error occurred during error reporting (printing current compile task), id 0xe0000001]


---------------  P R O C E S S  ---------------

Java Threads: ( => current thread )
  0x00000000097ac000 JavaThread "Service Thread" daemon [_thread_blocked, id=6716, stack(0x000000000a2a0000,0x000000000a3a0000)]
=>0x0000000009728000 JavaThread "C1 CompilerThread2" daemon [_thread_in_native, id=20164, stack(0x000000000a040000,0x000000000a140000)]
  0x0000000009727000 JavaThread "C2 CompilerThread1" daemon [_thread_blocked, id=19608, stack(0x0000000009b10000,0x0000000009c10000)]
  0x000000000840b800 JavaThread "C2 CompilerThread0" daemon [_thread_blocked, id=20160, stack(0x0000000009ec0000,0x0000000009fc0000)]
  0x0000000009718800 JavaThread "Attach Listener" daemon [_thread_blocked, id=15940, stack(0x0000000009c50000,0x0000000009d50000)]
  0x00000000083ff000 JavaThread "Signal Dispatcher" daemon [_thread_blocked, id=19032, stack(0x0000000009280000,0x0000000009380000)]
  0x00000000083a7000 JavaThread "Finalizer" daemon [_thread_blocked, id=17900, stack(0x0000000009610000,0x0000000009710000)]
  0x00000000083a0000 JavaThread "Reference Handler" daemon [_thread_blocked, id=19156, stack(0x0000000009500000,0x0000000009600000)]
  0x000000000216d800 JavaThread "main" [_thread_in_vm, id=20104, stack(0x0000000002410000,0x0000000002510000)]

Other Threads:
  0x000000000839a800 VMThread [stack: 0x0000000009390000,0x0000000009490000] [id=20080]
  0x00000000097d1000 WatcherThread [stack: 0x000000000a170000,0x000000000a270000] [id=20184]

VM state:not at safepoint (normal execution)

VM Mutex/Monitor currently owned by a thread: None

Heap:
 PSYoungGen      total 38400K, used 3993K [0x00000000d5f00000, 0x00000000d8980000, 0x0000000100000000)
  eden space 33280K, 12% used [0x00000000d5f00000,0x00000000d62e6798,0x00000000d7f80000)
  from space 5120K, 0% used [0x00000000d8480000,0x00000000d8480000,0x00000000d8980000)
  to   space 5120K, 0% used [0x00000000d7f80000,0x00000000d7f80000,0x00000000d8480000)
 ParOldGen       total 87552K, used 0K [0x0000000081c00000, 0x0000000087180000, 0x00000000d5f00000)
  object space 87552K, 0% used [0x0000000081c00000,0x0000000081c00000,0x0000000087180000)
 Metaspace       used 5452K, capacity 5577K, committed 5888K, reserved 1060864K
  class space    used 620K, capacity 700K, committed 768K, reserved 1048576K

Card table byte_map: [0x00000000028d0000,0x0000000002cd0000] byte_map_base: 0x00000000024c2000

Marking Bits: (ParMarkBitMap*) 0x000000005bbe4040
 Begin Bits: [0x00000000036f0000, 0x0000000005680000)
 End Bits:   [0x0000000005680000, 0x0000000007610000)

Polling page: 0x0000000000110000

CodeCache: size=245760Kb used=1405Kb max_used=1405Kb free=244354Kb
 bounds [0x000000000f010000, 0x000000000f280000, 0x000000001e010000]
 total_blobs=513 nmethods=183 adapters=243
 compilation: enabled

Compilation events (10 events):
Event: 0.398 Thread 0x0000000009728000 nmethod 166 0x000000000f16b690 code [0x000000000f16b7e0, 0x000000000f16b9b0]
Event: 0.398 Thread 0x0000000009728000  167       3       java.lang.invoke.MethodType$ConcurrentWeakInternSet::get (54 bytes)
Event: 0.399 Thread 0x0000000009728000 nmethod 167 0x000000000f16ba50 code [0x000000000f16bc80, 0x000000000f16c938]
Event: 0.399 Thread 0x0000000009728000  174       3       java.lang.invoke.MethodType::makeImpl (66 bytes)
Event: 0.399 Thread 0x0000000009728000 nmethod 174 0x000000000f16d350 code [0x000000000f16d540, 0x000000000f16dda8]
Event: 0.399 Thread 0x0000000009728000  173       3       java.lang.invoke.MethodType::checkPtype (19 bytes)
Event: 0.400 Thread 0x0000000009728000 nmethod 173 0x000000000f16e0d0 code [0x000000000f16e260, 0x000000000f16e638]
Event: 0.400 Thread 0x0000000009728000  168       3       java.lang.invoke.MethodType$ConcurrentWeakInternSet$WeakEntry::<init> (14 bytes)
Event: 0.400 Thread 0x0000000009728000 nmethod 168 0x000000000f16e7d0 code [0x000000000f16e960, 0x000000000f16ed68]
Event: 0.400 Thread 0x0000000009728000  179       3       jdk.internal.org.objectweb.asm.Frame::execute (2252 bytes)

GC Heap History (0 events):
No events

Deoptimization events (0 events):
No events

Internal exceptions (8 events):
Event: 0.121 Thread 0x000000000216d800 Exception <a 'java/lang/NoSuchMethodError': Method sun.misc.Unsafe.defineClass(Ljava/lang/String;[BII)Ljava/lang/Class; name or signature does not match> (0x00000000d5f12f00) thrown at [D:\re\workspace\8-2-build-windows-amd64-cygwin\jdk8u40\3098\hotspot\srµHöŽ¿?
Event: 0.121 Thread 0x000000000216d800 Exception <a 'java/lang/NoSuchMethodError': Method sun.misc.Unsafe.prefetchRead(Ljava/lang/Object;J)V name or signature does not match> (0x00000000d5f13190) thrown at [D:\re\workspace\8-2-build-windows-amd64-cygwin\jdk8u40\3098\hotspot\src\share\vm\prims\j;“0
.êÐ?
Event: 0.264 Thread 0x000000000216d800 Exception <a 'java/security/PrivilegedActionException'> (0x00000000d6069648) thrown at [D:\re\workspace\8-2-build-windows-amd64-cygwin\jdk8u40\3098\hotspot\src\share\vm\prims\jvm.cpp, line 1382]
Event: 0.264 Thread 0x000000000216d800 Exception <a 'java/security/PrivilegedActionException'> (0x00000000d6069800) thrown at [D:\re\workspace\8-2-build-windows-amd64-cygwin\jdk8u40\3098\hotspot\src\share\vm\prims\jvm.cpp, line 1382]
Event: 0.265 Thread 0x000000000216d800 Exception <a 'java/security/PrivilegedActionException'> (0x00000000d606d598) thrown at [D:\re\workspace\8-2-build-windows-amd64-cygwin\jdk8u40\3098\hotspot\src\share\vm\prims\jvm.cpp, line 1382]
Event: 0.265 Thread 0x000000000216d800 Exception <a 'java/security/PrivilegedActionException'> (0x00000000d606d750) thrown at [D:\re\workspace\8-2-build-windows-amd64-cygwin\jdk8u40\3098\hotspot\src\share\vm\prims\jvm.cpp, line 1382]
Event: 0.301 Thread 0x000000000216d800 Exception <a 'java/io/FileNotFoundException'> (0x00000000d60b9100) thrown at [D:\re\workspace\8-2-build-windows-amd64-cygwin\jdk8u40\3098\hotspot\src\share\vm\prims\jni.cpp, line 709]
Event: 0.348 Thread 0x000000000216d800 Exception <a 'java/io/FileNotFoundException'> (0x00000000d60dbf48) thrown at [D:\re\workspace\8-2-build-windows-amd64-cygwin\jdk8u40\3098\hotspot\src\share\vm\prims\jni.cpp, line 709]

Events (10 events):
Event: 0.386 loading class java/lang/invoke/DelegatingMethodHandle done
Event: 0.386 loading class java/lang/invoke/MethodHandleImpl$AsVarargsCollector done
Event: 0.386 loading class java/lang/invoke/WrongMethodTypeException
Event: 0.386 loading class java/lang/invoke/WrongMethodTypeException done
Event: 0.389 loading class java/lang/invoke/MethodHandleImpl$Lazy
Event: 0.389 loading class java/lang/invoke/MethodHandleImpl$Lazy done
Event: 0.389 loading class java/lang/invoke/MethodHandleImpl$IntrinsicMethodHandle
Event: 0.389 loading class java/lang/invoke/MethodHandleImpl$IntrinsicMethodHandle done
Event: 0.398 Executing VM operation: CollectForMetadataAllocation
Event: 0.398 Executing VM operation: CollectForMetadataAllocation done


Dynamic libraries:
0x000000013f3d0000 - 0x000000013f407000 	C:\Program Files\Java\jdk1.8.0_40\bin\javaw.exe
0x0000000077340000 - 0x00000000774e9000 	C:\Windows\SYSTEM32\ntdll.dll
0x0000000077220000 - 0x000000007733f000 	C:\Windows\system32\kernel32.dll
0x000007fefd3a0000 - 0x000007fefd40c000 	C:\Windows\system32\KERNELBASE.dll
0x000007feff080000 - 0x000007feff15b000 	C:\Windows\system32\ADVAPI32.dll
0x000007fefe3f0000 - 0x000007fefe48f000 	C:\Windows\system32\msvcrt.dll
0x000007feff620000 - 0x000007feff63f000 	C:\Windows\SYSTEM32\sechost.dll
0x000007feff160000 - 0x000007feff28d000 	C:\Windows\system32\RPCRT4.dll
0x0000000077120000 - 0x000000007721a000 	C:\Windows\system32\USER32.dll
0x000007fefede0000 - 0x000007fefee47000 	C:\Windows\system32\GDI32.dll
0x000007fefeab0000 - 0x000007fefeabe000 	C:\Windows\system32\LPK.dll
0x000007fefee50000 - 0x000007fefef19000 	C:\Windows\system32\USP10.dll
0x000007fefbd00000 - 0x000007fefbef4000 	C:\Windows\WinSxS\amd64_microsoft.windows.common-controls_6595b64144ccf1df_6.0.7601.17514_none_fa396087175ac9ac\COMCTL32.dll
0x000007fefea30000 - 0x000007fefeaa1000 	C:\Windows\system32\SHLWAPI.dll
0x000007feff290000 - 0x000007feff2be000 	C:\Windows\system32\IMM32.DLL
0x000007fefecd0000 - 0x000007fefedd9000 	C:\Windows\system32\MSCTF.dll
0x000007fefd250000 - 0x000007fefd281000 	C:\Windows\system32\nvinitx.dll
0x000007fefd240000 - 0x000007fefd24c000 	C:\Windows\system32\VERSION.dll
0x000000000f000000 - 0x000000000f006000 	C:\Program Files\NVIDIA Corporation\CoProcManager\detoured.dll
0x000007fef9cd0000 - 0x000007fef9d02000 	C:\Program Files\NVIDIA Corporation\CoProcManager\nvd3d9wrapx.dll
0x000007fefe580000 - 0x000007fefe757000 	C:\Windows\system32\SETUPAPI.dll
0x000007fefd360000 - 0x000007fefd396000 	C:\Windows\system32\CFGMGR32.dll
0x000007fefef20000 - 0x000007fefeff7000 	C:\Windows\system32\OLEAUT32.dll
0x000007fefeac0000 - 0x000007fefecc3000 	C:\Windows\system32\ole32.dll
0x000007fefd340000 - 0x000007fefd35a000 	C:\Windows\system32\DEVOBJ.dll
0x000007fef9ca0000 - 0x000007fef9cc2000 	C:\Program Files\NVIDIA Corporation\CoProcManager\nvdxgiwrapx.dll
0x000000005fa80000 - 0x000000005fb52000 	C:\Program Files\Java\jdk1.8.0_40\jre\bin\msvcr100.dll
0x000000005b3e0000 - 0x000000005bc63000 	C:\Program Files\Java\jdk1.8.0_40\jre\bin\server\jvm.dll
0x000007fefba40000 - 0x000007fefba49000 	C:\Windows\system32\WSOCK32.dll
0x000007fefe490000 - 0x000007fefe4dd000 	C:\Windows\system32\WS2_32.dll
0x000007feff640000 - 0x000007feff648000 	C:\Windows\system32\NSI.dll
0x000007fef9c60000 - 0x000007fef9c9b000 	C:\Windows\system32\WINMM.dll
0x0000000077500000 - 0x0000000077507000 	C:\Windows\system32\PSAPI.DLL
0x0000000060ef0000 - 0x0000000060eff000 	C:\Program Files\Java\jdk1.8.0_40\jre\bin\verify.dll
0x0000000060de0000 - 0x0000000060e09000 	C:\Program Files\Java\jdk1.8.0_40\jre\bin\java.dll
0x0000000060e80000 - 0x0000000060e96000 	C:\Program Files\Java\jdk1.8.0_40\jre\bin\zip.dll
0x000007fefd660000 - 0x000007fefe3e8000 	C:\Windows\system32\SHELL32.dll
0x000007fefd290000 - 0x000007fefd29f000 	C:\Windows\system32\profapi.dll
0x000000005f8e0000 - 0x000000005fa78000 	C:\Program Files\Java\jdk1.8.0_40\jre\bin\awt.dll
0x000007fefb340000 - 0x000007fefb358000 	C:\Windows\system32\DWMAPI.DLL

VM Arguments:
jvm_args: -Dfile.encoding=GBK 
java_command: H1
java_class_path (initial): C:\Users\tyhj\Desktop\J-zl\bin;C:\Program Files\Java\jre1.8.0_40\lib\ext\sqljdbc4.jar
Launcher Type: SUN_STANDARD

Environment Variables:
CLASSPATH=;D:\sqljdbc4 \sqljdbc4.jar
PATH=C:/Program Files/Java/jdk1.8.0_40/bin/../jre/bin/server;C:/Program Files/Java/jdk1.8.0_40/bin/../jre/bin;C:/Program Files/Java/jdk1.8.0_40/bin/../jre/lib/amd64;C:\Windows\system32;C:\Windows;C:\Windows\System32\Wbem;C:\Windows\System32\WindowsPowerShell\v1.0\;C:\Program Files (x86)\NVIDIA Corporation\PhysX\Common;C:\Program Files\Java\jdk1.8.0_40\bin;C:\Program Files (x86)\Microsoft SQL Server\110\DTS\Binn\;C:\Program Files (x86)\Microsoft SQL Server\110\Tools\Binn\;C:\Program Files (x86)\Microsoft SQL Server\110\Tools\Binn\ManagementStudio\;C:\Program Files (x86)\Microsoft Visual Studio 10.0\Common7\IDE\PrivateAssemblies\;D:\Eclipse\eclipse;
USERNAME=tyhj
OS=Windows_NT
PROCESSOR_IDENTIFIER=Intel64 Family 6 Model 60 Stepping 3, GenuineIntel



---------------  S Y S T E M  ---------------

OS: Windows 7 , 64 bit Build 7601 (6.1.7601.18409)

CPU:total 4 (2 cores per cpu, 2 threads per core) family 6 model 60 stepping 3, cmov, cx8, fxsr, mmx, sse, sse2, sse3, ssse3, sse4.1, sse4.2, popcnt, avx, avx2, aes, clmul, erms, lzcnt, ht, tsc, tscinvbit, bmi1, bmi2

Memory: 4k page, physical 8269968k(2819524k free), swap 33078008k(5116k free)

vm_info: Java HotSpot(TM) 64-Bit Server VM (25.40-b25) for windows-amd64 JRE (1.8.0_40-b26), built on Mar  7 2015 13:51:59 by "java_re" with MS VC++ 10.0 (VS2010)

time: Mon Sep 14 14:22:15 2015
elapsed time: 0 seconds (0d 0h 0m 0s)

